[31merror[39m: Email was not found {"timestamp":"2025-12-30 12:40:52"}
[31merror[39m: Email was not found {"timestamp":"2025-12-30 12:41:06"}
[31merror[39m: Email was not found {"timestamp":"2025-12-30 12:41:50"}
[31merror[39m: No user was found with this email {"timestamp":"2025-12-31 02:09:39"}
[31merror[39m: No user was found with this email {"timestamp":"2025-12-31 02:10:36"}
[31merror[39m: No user was found with this email {"timestamp":"2025-12-31 02:15:28"}
[31merror[39m: Internal Server Error {"timestamp":"2025-12-31 02:24:26"}
[31merror[39m: Internal Server Error {"timestamp":"2025-12-31 02:25:14"}
[31merror[39m: Internal Server Error {"timestamp":"2025-12-31 02:26:17"}
[31merror[39m: Internal Server Error {"timestamp":"2025-12-31 02:29:47"}
[31merror[39m: No user was found with this email {"timestamp":"2025-12-31 02:38:03"}
[31merror[39m: No user was found with this email {"timestamp":"2025-12-31 02:38:43"}
[31merror[39m: 
Invalid `client_1.prisma.region.update()` invocation in
E:\workspace\Work\gensolv_media\parking_booking_project\vira_backend\dist\packages\region\region.repo.js:16:39

  13     return client_1.prisma.region.create({ data });
  14 }
  15 async updateById(id, data) {
→ 16     return client_1.prisma.region.update(
An operation failed because it depends on one or more records that were required but not found. No record was found for an update. {"timestamp":"2025-12-31 05:17:19"}
[31merror[39m: No region found to be deleted {"timestamp":"2025-12-31 05:22:13"}
[31merror[39m: No region found to be updated {"timestamp":"2025-12-31 05:22:41"}
[31merror[39m: 
Invalid `client_1.prisma.region.update()` invocation in
E:\workspace\Work\gensolv_media\parking_booking_project\vira_backend\dist\packages\region\region.repo.js:16:39

  13     return client_1.prisma.region.create({ data });
  14 }
  15 async updateById(id, data) {
→ 16     return client_1.prisma.region.update(
Unique constraint failed on the fields: (`name`) {"timestamp":"2025-12-31 05:22:50"}
[31merror[39m: 
Invalid `client_1.prisma.region.update()` invocation in
E:\workspace\Work\gensolv_media\parking_booking_project\vira_backend\dist\packages\region\region.repo.js:16:39

  13     return client_1.prisma.region.create({ data });
  14 }
  15 async updateById(id, data) {
→ 16     return client_1.prisma.region.update(
Unique constraint failed on the fields: (`name`) {"timestamp":"2025-12-31 05:24:08"}
[31merror[39m: 
Invalid `client_1.prisma.region.update()` invocation in
E:\workspace\Work\gensolv_media\parking_booking_project\vira_backend\dist\packages\region\region.repo.js:16:39

  13     return client_1.prisma.region.create({ data });
  14 }
  15 async updateById(id, data) {
→ 16     return client_1.prisma.region.update(
Unique constraint failed on the fields: (`name`) {"timestamp":"2025-12-31 05:24:45"}
[31merror[39m: Region name already exists {"timestamp":"2025-12-31 05:33:04"}
[31merror[39m: Cannot read properties of undefined (reading 'count') {"timestamp":"2025-12-31 08:51:50"}
